INFO:root:Пользователь ввёл верхнюю границу диапозона чисел: 7 -Wed Nov 22 21:34:33 2023
INFO:root:Компьютер выбрал ответ: 3 -Wed Nov 22 21:34:33 2023
INFO:root:Пользователь ввёл количество попыток: 3 -Wed Nov 22 21:34:35 2023
INFO:root:Попытка:1 пользователь ввёл: 4 -Wed Nov 22 21:35:11 2023
INFO:root:Пользователь ввёл большее значение -Wed Nov 22 21:35:11 2023
INFO:root:Попытка:2 пользователь ввёл: 2 -Wed Nov 22 21:35:14 2023
INFO:root:Пользователь ввёл меньшее значение -Wed Nov 22 21:35:14 2023
INFO:root:Попытка:3 пользователь ввёл: 3 -Wed Nov 22 21:35:16 2023
INFO:root:Пользователь ввёл верное значение -Wed Nov 22 21:35:16 2023
INFO:root:Пользователь ввёл верхнюю границу диапозона чисел: 10 -Wed Nov 22 21:35:38 2023
INFO:root:Компьютер выбрал ответ: 9 -Wed Nov 22 21:35:38 2023
INFO:root:Пользователь ввёл количество попыток: 5 -Wed Nov 22 21:35:39 2023
INFO:root:Попытка:1 пользователь ввёл: 8 -Wed Nov 22 21:35:58 2023
INFO:root:Пользователь ввёл меньшее значение -Wed Nov 22 21:35:58 2023
INFO:root:Попытка:2 пользователь ввёл: 9 -Wed Nov 22 21:36:15 2023
INFO:root:Пользователь ввёл верное значение -Wed Nov 22 21:36:15 2023
INFO:root:Пользователь ввёл верхнюю границу диапозона чисел: -1 -Wed Nov 22 21:41:39 2023
INFO:root:Пользователь ввёл количество попыток: 0 -Wed Nov 22 21:41:43 2023
ERROR:root:Введено целое не натуральное число! -Wed Nov 22 21:41:43 2023
ERROR:root:Введены не целые числа! -Wed Nov 22 21:44:11 2023
